<?xml version="1.0" encoding="UTF-8"?>
<testng-results ignored="0" total="1" passed="1" failed="0" skipped="0">
  <reporter-output>
  </reporter-output>
  <suite started-at="2023-09-14T15:22:12 IST" name="APITesting" finished-at="2023-09-14T15:22:14 IST" duration-ms="1961">
    <groups>
    </groups>
    <test started-at="2023-09-14T15:22:12 IST" name="PerfTesting" finished-at="2023-09-14T15:22:14 IST" duration-ms="1961">
      <class name="com.perftesting.PerfTesting.PerfTestingApplicationTests">
        <test-method signature="getSubjectAPI()[pri:0, instance:com.perftesting.PerfTesting.PerfTestingApplicationTests@13e344d]" started-at="2023-09-14T15:22:12 IST" name="getSubjectAPI" finished-at="2023-09-14T15:22:14 IST" duration-ms="1828" status="PASS">
          <reporter-output>
          </reporter-output>
        </test-method> <!-- getSubjectAPI -->
      </class> <!-- com.perftesting.PerfTesting.PerfTestingApplicationTests -->
    </test> <!-- PerfTesting -->
  </suite> <!-- APITesting -->
</testng-results>
